<?xml version="1.0" encoding="UTF-8"?>
<testsuite xmlns:xsi="http://www.w3.org/2001/XMLSchema-instance" xsi:noNamespaceSchemaLocation="https://maven.apache.org/surefire/maven-surefire-plugin/xsd/surefire-test-report-3.0.xsd" version="3.0" name="cn.cie.common.CommonTest" time="0.058" tests="6" errors="0" skipped="0" failures="0">
  <properties>
[...]
</properties>
  <testcase name="jsonTest" classname="cn.cie.common.CommonTest" time="0.048">
    <system-out><![CDATA[toJSONString{"entityId":0,"entityOwnerId":0,"eventType":"SEND_VALIDATE_EMAIL","exts":{},"fromId":0,"toId":0}
SEND_VALIDATE_EMAIL
toJSONStringWithMap{"entityId":0,"entityOwnerId":0,"eventType":"SEND_VALIDATE_EMAIL","exts":{"key2":"value2","key":"value"},"fromId":0,"toId":0}
value
]]></system-out>
  </testcase>
  <testcase name="equals" classname="cn.cie.common.CommonTest" time="0.005">
    <system-err><![CDATA[[main] INFO cn.cie.common.CommonTest - true
]]></system-err>
  </testcase>
  <testcase name="random" classname="cn.cie.common.CommonTest" time="0.002">
    <system-out><![CDATA[28
]]></system-out>
  </testcase>
  <testcase name="strlength" classname="cn.cie.common.CommonTest" time="0.0">
    <system-err><![CDATA[[main] INFO cn.cie.common.CommonTest - 10
]]></system-err>
  </testcase>
  <testcase name="createSql" classname="cn.cie.common.CommonTest" time="0.001">
    <system-out><![CDATA[(1, '/1/header.jpg'), (1, '/1/1.jpg'), (1, '/1/2.jpg'), (1, '/1/3.jpg'), (1, '/1/4.jpg'), (1, '/1/5.jpg'), (2, '/2/header.jpg'), (2, '/2/1.jpg'), (2, '/2/2.jpg'), (2, '/2/3.jpg'), (2, '/2/4.jpg'), (2, '/2/5.jpg'), (3, '/3/header.jpg'), (3, '/3/1.jpg'), (3, '/3/2.jpg'), (3, '/3/3.jpg'), (3, '/3/4.jpg'), (3, '/3/5.jpg'), (4, '/4/header.jpg'), (4, '/4/1.jpg'), (4, '/4/2.jpg'), (4, '/4/3.jpg'), (4, '/4/4.jpg'), (4, '/4/5.jpg'), (5, '/5/header.jpg'), (5, '/5/1.jpg'), (5, '/5/2.jpg'), (5, '/5/3.jpg'), (5, '/5/4.jpg'), (5, '/5/5.jpg'), (6, '/6/header.jpg'), (6, '/6/1.jpg'), (6, '/6/2.jpg'), (6, '/6/3.jpg'), (6, '/6/4.jpg'), (6, '/6/5.jpg'), (7, '/7/header.jpg'), (7, '/7/1.jpg'), (7, '/7/2.jpg'), (7, '/7/3.jpg'), (7, '/7/4.jpg'), (7, '/7/5.jpg'), (7, '/7/6.jpg'), (8, '/8/header.jpg'), (8, '/8/1.jpg'), (8, '/8/2.jpg'), (8, '/8/3.jpg'), (8, '/8/4.jpg'), (8, '/8/5.jpg'), (9, '/9/header.jpg'), (9, '/9/1.jpg'), (9, '/9/2.jpg'), (9, '/9/3.jpg'), (9, '/9/4.jpg'), (9, '/9/5.jpg'), (10, '/10/header.jpg'), (10, '/10/1.jpg'), (10, '/10/2.jpg'), (10, '/10/3.jpg'), (10, '/10/4.jpg'), (10, '/10/5.jpg'), (10, '/10/6.jpg'), (11, '/11/header.jpg'), (11, '/11/1.jpg'), (11, '/11/2.jpg'), (11, '/11/3.jpg'), (11, '/11/4.jpg'), (11, '/11/5.jpg'), (11, '/11/6.jpg'), (12, '/12/header.jpg'), (12, '/12/1.jpg'), (12, '/12/2.jpg'), (12, '/12/3.jpg'), (12, '/12/4.jpg'), (12, '/12/5.jpg'), (12, '/12/6.jpg'), (13, '/13/header.jpg'), (13, '/13/1.jpg'), (13, '/13/2.jpg'), (13, '/13/3.jpg'), (13, '/13/4.jpg'), (13, '/13/5.jpg'), (13, '/13/6.jpg'), (14, '/14/header.jpg'), (14, '/14/1.jpg'), (14, '/14/2.jpg'), (14, '/14/3.jpg'), (14, '/14/4.jpg'), (14, '/14/5.jpg'), (15, '/15/header.jpg'), (15, '/15/1.jpg'), (15, '/15/2.jpg'), (15, '/15/3.jpg'), (15, '/15/4.jpg'), (15, '/15/5.jpg'), (16, '/16/header.jpg'), (16, '/16/1.jpg'), (16, '/16/2.jpg'), (16, '/16/3.jpg'), (16, '/16/4.jpg'), (16, '/16/5.jpg'), (16, '/16/6.jpg'), (17, '/17/header.jpg'), (17, '/17/1.jpg'), (17, '/17/2.jpg'), (17, '/17/3.jpg'), (17, '/17/4.jpg'), (17, '/17/5.jpg'), (17, '/17/6.jpg'), (18, '/18/header.jpg'), (18, '/18/1.jpg'), (18, '/18/2.jpg'), (18, '/18/3.jpg'), (18, '/18/4.jpg'), (18, '/18/5.jpg'), (18, '/18/6.jpg'), (19, '/19/header.jpg'), (19, '/19/1.jpg'), (19, '/19/2.jpg'), (19, '/19/3.jpg'), (19, '/19/4.jpg'), (19, '/19/5.jpg'), (20, '/20/header.jpg'), (20, '/20/1.jpg'), (20, '/20/2.jpg'), (20, '/20/3.jpg'), (20, '/20/4.jpg'), (20, '/20/5.jpg'), (21, '/21/header.jpg'), (21, '/21/1.jpg'), (21, '/21/2.jpg'), (21, '/21/3.jpg'), (21, '/21/4.jpg'), (21, '/21/5.jpg'), (21, '/21/6.jpg'), (22, '/22/header.jpg'), (22, '/22/1.jpg'), (22, '/22/2.jpg'), (22, '/22/3.jpg'), (22, '/22/4.jpg'), (22, '/22/5.jpg'), (23, '/23/header.jpg'), (23, '/23/1.jpg'), (23, '/23/2.jpg'), (23, '/23/3.jpg'), (23, '/23/4.jpg'), (23, '/23/5.jpg'), (24, '/24/header.jpg'), (24, '/24/1.jpg'), (24, '/24/2.jpg'), (24, '/24/3.jpg'), (24, '/24/4.jpg'), (24, '/24/5.jpg'), (25, '/25/header.jpg'), (25, '/25/1.jpg'), (25, '/25/2.jpg'), (25, '/25/3.jpg'), (25, '/25/4.jpg'), (25, '/25/5.jpg'), (26, '/26/header.jpg'), (26, '/26/1.jpg'), (26, '/26/2.jpg'), (26, '/26/3.jpg'), (26, '/26/4.jpg'), (26, '/26/5.jpg'), (27, '/27/header.jpg'), (27, '/27/1.jpg'), (27, '/27/2.jpg'), (27, '/27/3.jpg'), (27, '/27/4.jpg'), (27, '/27/5.jpg'), (28, '/28/header.jpg'), (28, '/28/1.jpg'), (28, '/28/2.jpg'), (28, '/28/3.jpg'), (28, '/28/4.jpg'), (28, '/28/5.jpg'), (29, '/29/header.jpg'), (29, '/29/1.jpg'), (29, '/29/2.jpg'), (29, '/29/3.jpg'), (29, '/29/4.jpg'), (29, '/29/5.jpg'), (30, '/30/header.jpg'), (30, '/30/1.jpg'), (30, '/30/2.jpg'), (30, '/30/3.jpg'), (30, '/30/4.jpg'), (30, '/30/5.jpg'), (30, '/30/6.jpg'), (31, '/31/header.jpg'), (31, '/31/1.jpg'), (31, '/31/2.jpg'), (31, '/31/3.jpg'), (31, '/31/4.jpg'), (31, '/31/5.jpg'), (31, '/31/6.jpg'), ]]></system-out>
  </testcase>
  <testcase name="zeroTime" classname="cn.cie.common.CommonTest" time="0.0">
    <system-err><![CDATA[[main] INFO cn.cie.common.CommonTest - 2024-09-06 01:00:00.0
[main] INFO cn.cie.common.CommonTest - true
]]></system-err>
  </testcase>
</testsuite>